<?xml version="1.0" encoding="UTF-8"?>
<testsuite name="TestNamedArguments" tests="1" skipped="0" failures="0" errors="0" timestamp="2021-04-19T01:57:02" hostname="Parkui-MacBookPro.local" time="0.012">
  <properties/>
  <testcase name="testJoinToString" classname="TestNamedArguments" time="0.012"/>
  <system-out><![CDATA[]]></system-out>
  <system-err><![CDATA[]]></system-err>
</testsuite>
