<?xml version="1.0" encoding="UTF-8"?>
<testsuite name="Test" tests="1" skipped="0" failures="0" errors="0" timestamp="2021-04-19T11:22:32" hostname="Parkui-MacBookPro.local" time="0.016">
  <properties/>
  <testcase name="testSolution" classname="Test" time="0.016"/>
  <system-out><![CDATA[]]></system-out>
  <system-err><![CDATA[]]></system-err>
</testsuite>
