<?xml version="1.0" encoding="UTF-8"?>
<testsuite name="TestLambdas" tests="2" skipped="0" failures="0" errors="0" timestamp="2021-04-19T16:23:05" hostname="Parkui-MacBookPro.local" time="0.009">
  <properties/>
  <testcase name="contains" classname="TestLambdas" time="0.009"/>
  <testcase name="notContains" classname="TestLambdas" time="0.0"/>
  <system-out><![CDATA[]]></system-out>
  <system-err><![CDATA[]]></system-err>
</testsuite>
